<?xml version="1.0" encoding="UTF-8"?>
<!-- Generated by org.testng.reporters.JUnitXMLReporter -->
<testsuite ignored="0" hostname="REM-LT-220516B" failures="0" tests="3" name="JavaApiTests" time="7.457" errors="0" timestamp="2022-06-23T13:35:30 CDT">
  <testcase classname="com.unosquare.FirstApiPull" name="firstPullTest" time="4.687"/>
  <testcase classname="com.unosquare.SecondApiPull" name="secondPullRequest" time="1.328"/>
  <testcase classname="com.unosquare.ThirdApiPull" name="thirdPullRequest" time="0.598"/>
</testsuite> <!-- JavaApiTests -->
