<?xml version="1.0" encoding="UTF-8"?>
<!-- Generated by org.testng.reporters.JUnitXMLReporter -->
<testsuite ignored="0" hostname="REM-LT-220516B" failures="0" tests="14" name="Default test" time="22.085" errors="0" timestamp="2022-06-23T14:11:38 CDT">
  <testcase classname="com.unosquare.FirstApiPull" name="firstPullRequest_firstApproach" time="4.153"/>
  <testcase classname="com.unosquare.FirstApiPull" name="firstPullRequest_secondApproach" time="0.472"/>
  <testcase classname="com.unosquare.FourthApiPull" name="finalPullRequest_GET_1" time="0.777"/>
  <testcase classname="com.unosquare.FourthApiPull" name="finalPullRequest_GET_2" time="0.385"/>
  <testcase classname="com.unosquare.FourthApiPull" name="finalPullRequest_GET_3" time="0.409"/>
  <testcase classname="com.unosquare.FourthApiPull" name="finalPullRequest_GET_4" time="4.731"/>
  <testcase classname="com.unosquare.FourthApiPull" name="finalPullRequest_POST_1" time="0.621"/>
  <testcase classname="com.unosquare.FourthApiPull" name="finalPullRequest_POST_2" time="5.872"/>
  <testcase classname="com.unosquare.FourthApiPull" name="finalPullRequest_POST_3" time="0.62"/>
  <testcase classname="com.unosquare.FourthApiPull" name="finalPullRequest_POST_4" time="0.6"/>
  <testcase classname="com.unosquare.FourthApiPull" name="finalPullRequest_PUT_1" time="0.686"/>
  <testcase classname="com.unosquare.SecondApiPull" name="secondPullRequest_firstApproach" time="0.638"/>
  <testcase classname="com.unosquare.SecondApiPull" name="secondPullRequest_secondApproach" time="0.631"/>
  <testcase classname="com.unosquare.ThirdApiPull" name="thirdPullRequest" time="0.601"/>
</testsuite> <!-- Default test -->
