<?xml version="1.0" encoding="UTF-8"?>
<!-- Generated by org.testng.reporters.JUnitXMLReporter -->
<testsuite ignored="2" hostname="REM-LT-220516B" failures="0" tests="1" name="Default test" time="4.61" errors="0" timestamp="2022-06-22T18:48:00 CDT">
  <testcase classname="com.unosquare.FirstApiTest" name="sixthApproach" time="3.715"/>
  <testcase classname="com.unosquare.FirstApiTest" name="firstPostTest" time="0.0">
    <ignored/>
  </testcase> <!-- firstPostTest -->
  <testcase classname="com.unosquare.FirstApiTest" name="firstPullTest" time="0.0">
    <ignored/>
  </testcase> <!-- firstPullTest -->
</testsuite> <!-- Default test -->
