<?xml version="1.0" encoding="UTF-8"?>
<testng-results ignored="1" total="2" passed="1" failed="0" skipped="0">
  <reporter-output>
    <line>
      <![CDATA[--------- Second Pull Request --------- <p>]]>
    </line>
    <line>
      <![CDATA[Response Body: {
    "id": 4,
    "token": "QpwL5tke4Pnpja7X4"
}<p>]]>
    </line>
    <line>
      <![CDATA[Status Code: 200<p>]]>
    </line>
    <line>
      <![CDATA[JSON Body being posted: {"password":"pistol","email":"eve.holt@reqres.in"}<p>]]>
    </line>
    <line>
      <![CDATA[URL: https://reqres.in/api/users<p>]]>
    </line>
    <line>
      <![CDATA[------------------------------------- <p>]]>
    </line>
    <line>
      <![CDATA[Response Body: {
    "token": "QpwL5tke4Pnpja7X4"
}<p>]]>
    </line>
    <line>
      <![CDATA[Status Code: 200<p>]]>
    </line>
    <line>
      <![CDATA[JSON Body being posted: {"password":"cityslicka","email":"eve.holt@reqres.in"}<p>]]>
    </line>
    <line>
      <![CDATA[URL: https://reqres.in/api/users<p>]]>
    </line>
    <line>
      <![CDATA[------------------------------------- <p>]]>
    </line>
  </reporter-output>
  <suite started-at="2022-06-21T18:53:21 CDT" name="Default suite" finished-at="2022-06-21T18:53:26 CDT" duration-ms="4470">
    <groups>
    </groups>
    <test started-at="2022-06-21T18:53:21 CDT" name="Default test" finished-at="2022-06-21T18:53:26 CDT" duration-ms="4470">
      <class name="com.unosquare.FirstApiTest">
        <test-method is-config="true" signature="beforeMethod()[pri:0, instance:com.unosquare.FirstApiTest@4944252c]" started-at="2022-06-21T18:53:22 CDT" name="beforeMethod" finished-at="2022-06-21T18:53:22 CDT" duration-ms="864" status="PASS">
          <reporter-output>
          </reporter-output>
        </test-method> <!-- beforeMethod -->
        <test-method signature="firstPostTest()[pri:2, instance:com.unosquare.FirstApiTest@4944252c]" started-at="2022-06-21T18:53:22 CDT" name="firstPostTest" finished-at="2022-06-21T18:53:26 CDT" duration-ms="3533" status="PASS">
          <reporter-output>
            <line>
              <![CDATA[--------- Second Pull Request --------- <p>]]>
            </line>
            <line>
              <![CDATA[Response Body: {
    "id": 4,
    "token": "QpwL5tke4Pnpja7X4"
}<p>]]>
            </line>
            <line>
              <![CDATA[Status Code: 200<p>]]>
            </line>
            <line>
              <![CDATA[JSON Body being posted: {"password":"pistol","email":"eve.holt@reqres.in"}<p>]]>
            </line>
            <line>
              <![CDATA[URL: https://reqres.in/api/users<p>]]>
            </line>
            <line>
              <![CDATA[------------------------------------- <p>]]>
            </line>
            <line>
              <![CDATA[Response Body: {
    "token": "QpwL5tke4Pnpja7X4"
}<p>]]>
            </line>
            <line>
              <![CDATA[Status Code: 200<p>]]>
            </line>
            <line>
              <![CDATA[JSON Body being posted: {"password":"cityslicka","email":"eve.holt@reqres.in"}<p>]]>
            </line>
            <line>
              <![CDATA[URL: https://reqres.in/api/users<p>]]>
            </line>
            <line>
              <![CDATA[------------------------------------- <p>]]>
            </line>
          </reporter-output>
        </test-method> <!-- firstPostTest -->
      </class> <!-- com.unosquare.FirstApiTest -->
    </test> <!-- Default test -->
  </suite> <!-- Default suite -->
</testng-results>
