<?xml version="1.0" encoding="UTF-8"?>
<testsuite xmlns:xsi="http://www.w3.org/2001/XMLSchema-instance" xsi:schemaLocation="https://maven.apache.org/surefire/maven-surefire-plugin/xsd/surefire-test-report.xsd" name="TestSuite" time="8.508" tests="3" errors="0" skipped="0" failures="0">
  <properties>
[...]
</properties>
  <testcase name="firstPullTest" classname="com.unosquare.FirstApiPull" time="4.691"/>
  <testcase name="secondPullRequest" classname="com.unosquare.SecondApiPull" time="1.329"/>
  <testcase name="thirdPullRequest" classname="com.unosquare.ThirdApiPull" time="0.599"/>
</testsuite>